<?xml version="1.0" encoding="UTF-8"?>
<testng-results skipped="1" failed="0" ignored="0" total="1" passed="0">
  <reporter-output>
  </reporter-output>
  <suite name="Default suite" duration-ms="2987" started-at="2021-11-25T04:37:43 IST" finished-at="2021-11-25T04:37:46 IST">
    <groups>
      <group name="RegressionTest">
        <method signature="TC_01CreateOpportunityTest.createOpportunityWithSalesStagedClosedLost()[pri:0, instance:com.crm.vtiger.opportunitytest.TC_01CreateOpportunityTest@5faeada1]" name="createOpportunityWithSalesStagedClosedLost" class="com.crm.vtiger.opportunitytest.TC_01CreateOpportunityTest"/>
      </group> <!-- RegressionTest -->
    </groups>
    <test name="Default test" duration-ms="2987" started-at="2021-11-25T04:37:43 IST" finished-at="2021-11-25T04:37:46 IST">
      <class name="com.crm.vtiger.opportunitytest.TC_01CreateOpportunityTest">
        <test-method status="PASS" signature="connectionDB()[pri:0, instance:com.crm.vtiger.opportunitytest.TC_01CreateOpportunityTest@5faeada1]" name="connectionDB" is-config="true" duration-ms="14" started-at="2021-11-25T04:37:43 IST" finished-at="2021-11-25T04:37:43 IST">
          <reporter-output>
          </reporter-output>
        </test-method> <!-- connectionDB -->
        <test-method status="FAIL" signature="launchBrowser(java.lang.String)[pri:0, instance:com.crm.vtiger.opportunitytest.TC_01CreateOpportunityTest@5faeada1]" name="launchBrowser" is-config="true" duration-ms="2927" started-at="2021-11-25T04:37:43 IST" finished-at="2021-11-25T04:37:45 IST">
          <params>
            <param index="0">
              <value>
                <![CDATA[chrome]]>
              </value>
            </param>
          </params>
          <exception class="org.openqa.selenium.SessionNotCreatedException">
            <message>
              <![CDATA[session not created: This version of ChromeDriver only supports Chrome version 94
Current browser version is 96.0.4664.45 with binary path C:\Program Files\Google\Chrome\Application\chrome.exe
Build info: version: '3.141.59', revision: 'e82be7d358', time: '2018-11-14T08:17:03'
System info: host: 'AKS-LENOVO', ip: '192.168.86.1', os.name: 'Windows 10', os.arch: 'amd64', os.version: '10.0', java.version: '1.8.0_271'
Driver info: driver.version: ChromeDriver
remote stacktrace: Backtrace:
Ordinal0 [0x0073BDE3+2473443]
Ordinal0 [0x006D6661+2057825]
Ordinal0 [0x005E2438+1057848]
Ordinal0 [0x0060054A+1181002]
Ordinal0 [0x005FC435+1164341]
Ordinal0 [0x005F9CAF+1154223]
Ordinal0 [0x00629ADF+1350367]
Ordinal0 [0x0062974A+1349450]
Ordinal0 [0x006255AB+1332651]
Ordinal0 [0x00602104+1188100]
Ordinal0 [0x00602F59+1191769]
GetHandleVerifier [0x008C2266+1549718]
GetHandleVerifier [0x0096D4A7+2250711]
GetHandleVerifier [0x007C718B+521403]
GetHandleVerifier [0x007C6229+517465]
Ordinal0 [0x006DB79D+2078621]
Ordinal0 [0x006DFB58+2095960]
Ordinal0 [0x006DFC92+2096274]
Ordinal0 [0x006E9541+2135361]
BaseThreadInitThunk [0x768BFA29+25]
RtlGetAppContainerNamedObjectPath [0x77407A9E+286]
RtlGetAppContainerNamedObjectPath [0x77407A6E+238]
]]>
            </message>
            <full-stacktrace>
              <![CDATA[org.openqa.selenium.SessionNotCreatedException: session not created: This version of ChromeDriver only supports Chrome version 94
Current browser version is 96.0.4664.45 with binary path C:\Program Files\Google\Chrome\Application\chrome.exe
Build info: version: '3.141.59', revision: 'e82be7d358', time: '2018-11-14T08:17:03'
System info: host: 'AKS-LENOVO', ip: '192.168.86.1', os.name: 'Windows 10', os.arch: 'amd64', os.version: '10.0', java.version: '1.8.0_271'
Driver info: driver.version: ChromeDriver
remote stacktrace: Backtrace:
Ordinal0 [0x0073BDE3+2473443]
Ordinal0 [0x006D6661+2057825]
Ordinal0 [0x005E2438+1057848]
Ordinal0 [0x0060054A+1181002]
Ordinal0 [0x005FC435+1164341]
Ordinal0 [0x005F9CAF+1154223]
Ordinal0 [0x00629ADF+1350367]
Ordinal0 [0x0062974A+1349450]
Ordinal0 [0x006255AB+1332651]
Ordinal0 [0x00602104+1188100]
Ordinal0 [0x00602F59+1191769]
GetHandleVerifier [0x008C2266+1549718]
GetHandleVerifier [0x0096D4A7+2250711]
GetHandleVerifier [0x007C718B+521403]
GetHandleVerifier [0x007C6229+517465]
Ordinal0 [0x006DB79D+2078621]
Ordinal0 [0x006DFB58+2095960]
Ordinal0 [0x006DFC92+2096274]
Ordinal0 [0x006E9541+2135361]
BaseThreadInitThunk [0x768BFA29+25]
RtlGetAppContainerNamedObjectPath [0x77407A9E+286]
RtlGetAppContainerNamedObjectPath [0x77407A6E+238]

at sun.reflect.NativeConstructorAccessorImpl.newInstance0(Native Method)
at sun.reflect.NativeConstructorAccessorImpl.newInstance(Unknown Source)
at sun.reflect.DelegatingConstructorAccessorImpl.newInstance(Unknown Source)
at java.lang.reflect.Constructor.newInstance(Unknown Source)
at org.openqa.selenium.remote.W3CHandshakeResponse.lambda$errorHandler$0(W3CHandshakeResponse.java:62)
at org.openqa.selenium.remote.HandshakeResponse.lambda$getResponseFunction$0(HandshakeResponse.java:30)
at org.openqa.selenium.remote.ProtocolHandshake.lambda$createSession$0(ProtocolHandshake.java:126)
at java.util.stream.ReferencePipeline$3$1.accept(Unknown Source)
at java.util.Spliterators$ArraySpliterator.tryAdvance(Unknown Source)
at java.util.stream.ReferencePipeline.forEachWithCancel(Unknown Source)
at java.util.stream.AbstractPipeline.copyIntoWithCancel(Unknown Source)
at java.util.stream.AbstractPipeline.copyInto(Unknown Source)
at java.util.stream.AbstractPipeline.wrapAndCopyInto(Unknown Source)
at java.util.stream.FindOps$FindOp.evaluateSequential(Unknown Source)
at java.util.stream.AbstractPipeline.evaluate(Unknown Source)
at java.util.stream.ReferencePipeline.findFirst(Unknown Source)
at org.openqa.selenium.remote.ProtocolHandshake.createSession(ProtocolHandshake.java:128)
at org.openqa.selenium.remote.ProtocolHandshake.createSession(ProtocolHandshake.java:74)
at org.openqa.selenium.remote.HttpCommandExecutor.execute(HttpCommandExecutor.java:136)
at org.openqa.selenium.remote.service.DriverCommandExecutor.execute(DriverCommandExecutor.java:83)
at org.openqa.selenium.remote.RemoteWebDriver.execute(RemoteWebDriver.java:552)
at org.openqa.selenium.remote.RemoteWebDriver.startSession(RemoteWebDriver.java:213)
at org.openqa.selenium.remote.RemoteWebDriver.<init>(RemoteWebDriver.java:131)
at org.openqa.selenium.chrome.ChromeDriver.<init>(ChromeDriver.java:181)
at org.openqa.selenium.chrome.ChromeDriver.<init>(ChromeDriver.java:168)
at org.openqa.selenium.chrome.ChromeDriver.<init>(ChromeDriver.java:123)
at com.crm.vtiger.GenericUtils.BaseClass.launchBrowser(BaseClass.java:59)
at sun.reflect.NativeMethodAccessorImpl.invoke0(Native Method)
at sun.reflect.NativeMethodAccessorImpl.invoke(Unknown Source)
at sun.reflect.DelegatingMethodAccessorImpl.invoke(Unknown Source)
at java.lang.reflect.Method.invoke(Unknown Source)
at org.testng.internal.MethodInvocationHelper.invokeMethod(MethodInvocationHelper.java:132)
at org.testng.internal.MethodInvocationHelper.invokeMethodConsideringTimeout(MethodInvocationHelper.java:61)
at org.testng.internal.ConfigInvoker.invokeConfigurationMethod(ConfigInvoker.java:366)
at org.testng.internal.ConfigInvoker.invokeConfigurations(ConfigInvoker.java:320)
at org.testng.internal.TestMethodWorker.invokeBeforeClassMethods(TestMethodWorker.java:176)
at org.testng.internal.TestMethodWorker.run(TestMethodWorker.java:122)
at java.util.ArrayList.forEach(Unknown Source)
at org.testng.TestRunner.privateRun(TestRunner.java:764)
at org.testng.TestRunner.run(TestRunner.java:585)
at org.testng.SuiteRunner.runTest(SuiteRunner.java:384)
at org.testng.SuiteRunner.runSequentially(SuiteRunner.java:378)
at org.testng.SuiteRunner.privateRun(SuiteRunner.java:337)
at org.testng.SuiteRunner.run(SuiteRunner.java:286)
at org.testng.SuiteRunnerWorker.runSuite(SuiteRunnerWorker.java:53)
at org.testng.SuiteRunnerWorker.run(SuiteRunnerWorker.java:96)
at org.testng.TestNG.runSuitesSequentially(TestNG.java:1218)
at org.testng.TestNG.runSuitesLocally(TestNG.java:1140)
at org.testng.TestNG.runSuites(TestNG.java:1069)
at org.testng.TestNG.run(TestNG.java:1037)
at org.testng.remote.AbstractRemoteTestNG.run(AbstractRemoteTestNG.java:115)
at org.testng.remote.RemoteTestNG.initAndRun(RemoteTestNG.java:251)
at org.testng.remote.RemoteTestNG.main(RemoteTestNG.java:77)
]]>
            </full-stacktrace>
          </exception> <!-- org.openqa.selenium.SessionNotCreatedException -->
          <reporter-output>
          </reporter-output>
        </test-method> <!-- launchBrowser -->
        <test-method status="SKIP" signature="loginToApp()[pri:0, instance:com.crm.vtiger.opportunitytest.TC_01CreateOpportunityTest@5faeada1]" name="loginToApp" is-config="true" duration-ms="-1637795265985" started-at="2021-11-25T04:37:45 IST" finished-at="1970-01-01T05:30:00 IST">
          <reporter-output>
          </reporter-output>
        </test-method> <!-- loginToApp -->
        <test-method status="SKIP" signature="createOpportunityWithSalesStagedClosedLost()[pri:0, instance:com.crm.vtiger.opportunitytest.TC_01CreateOpportunityTest@5faeada1]" name="createOpportunityWithSalesStagedClosedLost" duration-ms="0" started-at="2021-11-25T04:37:45 IST" finished-at="2021-11-25T04:37:45 IST">
          <exception class="org.openqa.selenium.SessionNotCreatedException">
            <message>
              <![CDATA[session not created: This version of ChromeDriver only supports Chrome version 94
Current browser version is 96.0.4664.45 with binary path C:\Program Files\Google\Chrome\Application\chrome.exe
Build info: version: '3.141.59', revision: 'e82be7d358', time: '2018-11-14T08:17:03'
System info: host: 'AKS-LENOVO', ip: '192.168.86.1', os.name: 'Windows 10', os.arch: 'amd64', os.version: '10.0', java.version: '1.8.0_271'
Driver info: driver.version: ChromeDriver
remote stacktrace: Backtrace:
Ordinal0 [0x0073BDE3+2473443]
Ordinal0 [0x006D6661+2057825]
Ordinal0 [0x005E2438+1057848]
Ordinal0 [0x0060054A+1181002]
Ordinal0 [0x005FC435+1164341]
Ordinal0 [0x005F9CAF+1154223]
Ordinal0 [0x00629ADF+1350367]
Ordinal0 [0x0062974A+1349450]
Ordinal0 [0x006255AB+1332651]
Ordinal0 [0x00602104+1188100]
Ordinal0 [0x00602F59+1191769]
GetHandleVerifier [0x008C2266+1549718]
GetHandleVerifier [0x0096D4A7+2250711]
GetHandleVerifier [0x007C718B+521403]
GetHandleVerifier [0x007C6229+517465]
Ordinal0 [0x006DB79D+2078621]
Ordinal0 [0x006DFB58+2095960]
Ordinal0 [0x006DFC92+2096274]
Ordinal0 [0x006E9541+2135361]
BaseThreadInitThunk [0x768BFA29+25]
RtlGetAppContainerNamedObjectPath [0x77407A9E+286]
RtlGetAppContainerNamedObjectPath [0x77407A6E+238]
]]>
            </message>
            <full-stacktrace>
              <![CDATA[org.openqa.selenium.SessionNotCreatedException: session not created: This version of ChromeDriver only supports Chrome version 94
Current browser version is 96.0.4664.45 with binary path C:\Program Files\Google\Chrome\Application\chrome.exe
Build info: version: '3.141.59', revision: 'e82be7d358', time: '2018-11-14T08:17:03'
System info: host: 'AKS-LENOVO', ip: '192.168.86.1', os.name: 'Windows 10', os.arch: 'amd64', os.version: '10.0', java.version: '1.8.0_271'
Driver info: driver.version: ChromeDriver
remote stacktrace: Backtrace:
Ordinal0 [0x0073BDE3+2473443]
Ordinal0 [0x006D6661+2057825]
Ordinal0 [0x005E2438+1057848]
Ordinal0 [0x0060054A+1181002]
Ordinal0 [0x005FC435+1164341]
Ordinal0 [0x005F9CAF+1154223]
Ordinal0 [0x00629ADF+1350367]
Ordinal0 [0x0062974A+1349450]
Ordinal0 [0x006255AB+1332651]
Ordinal0 [0x00602104+1188100]
Ordinal0 [0x00602F59+1191769]
GetHandleVerifier [0x008C2266+1549718]
GetHandleVerifier [0x0096D4A7+2250711]
GetHandleVerifier [0x007C718B+521403]
GetHandleVerifier [0x007C6229+517465]
Ordinal0 [0x006DB79D+2078621]
Ordinal0 [0x006DFB58+2095960]
Ordinal0 [0x006DFC92+2096274]
Ordinal0 [0x006E9541+2135361]
BaseThreadInitThunk [0x768BFA29+25]
RtlGetAppContainerNamedObjectPath [0x77407A9E+286]
RtlGetAppContainerNamedObjectPath [0x77407A6E+238]

at sun.reflect.NativeConstructorAccessorImpl.newInstance0(Native Method)
at sun.reflect.NativeConstructorAccessorImpl.newInstance(Unknown Source)
at sun.reflect.DelegatingConstructorAccessorImpl.newInstance(Unknown Source)
at java.lang.reflect.Constructor.newInstance(Unknown Source)
at org.openqa.selenium.remote.W3CHandshakeResponse.lambda$errorHandler$0(W3CHandshakeResponse.java:62)
at org.openqa.selenium.remote.HandshakeResponse.lambda$getResponseFunction$0(HandshakeResponse.java:30)
at org.openqa.selenium.remote.ProtocolHandshake.lambda$createSession$0(ProtocolHandshake.java:126)
at java.util.stream.ReferencePipeline$3$1.accept(Unknown Source)
at java.util.Spliterators$ArraySpliterator.tryAdvance(Unknown Source)
at java.util.stream.ReferencePipeline.forEachWithCancel(Unknown Source)
at java.util.stream.AbstractPipeline.copyIntoWithCancel(Unknown Source)
at java.util.stream.AbstractPipeline.copyInto(Unknown Source)
at java.util.stream.AbstractPipeline.wrapAndCopyInto(Unknown Source)
at java.util.stream.FindOps$FindOp.evaluateSequential(Unknown Source)
at java.util.stream.AbstractPipeline.evaluate(Unknown Source)
at java.util.stream.ReferencePipeline.findFirst(Unknown Source)
at org.openqa.selenium.remote.ProtocolHandshake.createSession(ProtocolHandshake.java:128)
at org.openqa.selenium.remote.ProtocolHandshake.createSession(ProtocolHandshake.java:74)
at org.openqa.selenium.remote.HttpCommandExecutor.execute(HttpCommandExecutor.java:136)
at org.openqa.selenium.remote.service.DriverCommandExecutor.execute(DriverCommandExecutor.java:83)
at org.openqa.selenium.remote.RemoteWebDriver.execute(RemoteWebDriver.java:552)
at org.openqa.selenium.remote.RemoteWebDriver.startSession(RemoteWebDriver.java:213)
at org.openqa.selenium.remote.RemoteWebDriver.<init>(RemoteWebDriver.java:131)
at org.openqa.selenium.chrome.ChromeDriver.<init>(ChromeDriver.java:181)
at org.openqa.selenium.chrome.ChromeDriver.<init>(ChromeDriver.java:168)
at org.openqa.selenium.chrome.ChromeDriver.<init>(ChromeDriver.java:123)
at com.crm.vtiger.GenericUtils.BaseClass.launchBrowser(BaseClass.java:59)
at sun.reflect.NativeMethodAccessorImpl.invoke0(Native Method)
at sun.reflect.NativeMethodAccessorImpl.invoke(Unknown Source)
at sun.reflect.DelegatingMethodAccessorImpl.invoke(Unknown Source)
at java.lang.reflect.Method.invoke(Unknown Source)
at org.testng.internal.MethodInvocationHelper.invokeMethod(MethodInvocationHelper.java:132)
at org.testng.internal.MethodInvocationHelper.invokeMethodConsideringTimeout(MethodInvocationHelper.java:61)
at org.testng.internal.ConfigInvoker.invokeConfigurationMethod(ConfigInvoker.java:366)
at org.testng.internal.ConfigInvoker.invokeConfigurations(ConfigInvoker.java:320)
at org.testng.internal.TestMethodWorker.invokeBeforeClassMethods(TestMethodWorker.java:176)
at org.testng.internal.TestMethodWorker.run(TestMethodWorker.java:122)
at java.util.ArrayList.forEach(Unknown Source)
at org.testng.TestRunner.privateRun(TestRunner.java:764)
at org.testng.TestRunner.run(TestRunner.java:585)
at org.testng.SuiteRunner.runTest(SuiteRunner.java:384)
at org.testng.SuiteRunner.runSequentially(SuiteRunner.java:378)
at org.testng.SuiteRunner.privateRun(SuiteRunner.java:337)
at org.testng.SuiteRunner.run(SuiteRunner.java:286)
at org.testng.SuiteRunnerWorker.runSuite(SuiteRunnerWorker.java:53)
at org.testng.SuiteRunnerWorker.run(SuiteRunnerWorker.java:96)
at org.testng.TestNG.runSuitesSequentially(TestNG.java:1218)
at org.testng.TestNG.runSuitesLocally(TestNG.java:1140)
at org.testng.TestNG.runSuites(TestNG.java:1069)
at org.testng.TestNG.run(TestNG.java:1037)
at org.testng.remote.AbstractRemoteTestNG.run(AbstractRemoteTestNG.java:115)
at org.testng.remote.RemoteTestNG.initAndRun(RemoteTestNG.java:251)
at org.testng.remote.RemoteTestNG.main(RemoteTestNG.java:77)
]]>
            </full-stacktrace>
          </exception> <!-- org.openqa.selenium.SessionNotCreatedException -->
          <reporter-output>
          </reporter-output>
        </test-method> <!-- createOpportunityWithSalesStagedClosedLost -->
        <test-method status="SKIP" signature="logoutFromApp()[pri:0, instance:com.crm.vtiger.opportunitytest.TC_01CreateOpportunityTest@5faeada1]" name="logoutFromApp" is-config="true" duration-ms="-1637795265995" started-at="2021-11-25T04:37:45 IST" finished-at="1970-01-01T05:30:00 IST">
          <reporter-output>
          </reporter-output>
        </test-method> <!-- logoutFromApp -->
        <test-method status="SKIP" signature="closeBrowser()[pri:0, instance:com.crm.vtiger.opportunitytest.TC_01CreateOpportunityTest@5faeada1]" name="closeBrowser" is-config="true" duration-ms="-1637795266001" started-at="2021-11-25T04:37:46 IST" finished-at="1970-01-01T05:30:00 IST">
          <reporter-output>
          </reporter-output>
        </test-method> <!-- closeBrowser -->
        <test-method status="PASS" signature="closeDB()[pri:0, instance:com.crm.vtiger.opportunitytest.TC_01CreateOpportunityTest@5faeada1]" name="closeDB" is-config="true" duration-ms="1" started-at="2021-11-25T04:37:46 IST" finished-at="2021-11-25T04:37:46 IST">
          <reporter-output>
          </reporter-output>
        </test-method> <!-- closeDB -->
      </class> <!-- com.crm.vtiger.opportunitytest.TC_01CreateOpportunityTest -->
    </test> <!-- Default test -->
  </suite> <!-- Default suite -->
</testng-results>
