<?xml version="1.0" encoding="UTF-8"?>
<!-- Generated by org.testng.reporters.JUnitXMLReporter -->
<testsuite hostname="aks-lenovo" ignored="10" name="Test1-Firefox" tests="6" failures="0" timestamp="2021-10-09T21:00:19 IST" time="0.141" errors="0">
  <testcase name="@BeforeClass launchBrowser" time="0.005" classname="com.crm.vtiger.GenericUtils.BaseClass">
    <failure type="java.lang.Error" message="Unresolved compilation problem: 
	The attribute value is undefined for the annotation type Parameterized.Parameters
">
      <![CDATA[java.lang.Error: Unresolved compilation problem: 
The attribute value is undefined for the annotation type Parameterized.Parameters

at com.crm.vtiger.GenericUtils.BaseClass.launchBrowser(BaseClass.java:47)
at java.util.ArrayList.forEach(Unknown Source)
at java.util.concurrent.FutureTask.run(Unknown Source)
at java.util.concurrent.ThreadPoolExecutor.runWorker(Unknown Source)
at java.util.concurrent.ThreadPoolExecutor$Worker.run(Unknown Source)
at java.lang.Thread.run(Unknown Source)
... Removed 16 stack frames]]>
    </failure>
  </testcase> <!-- @BeforeClass launchBrowser -->
  <testcase name="@BeforeMethod loginToApp" time="-1.633793419613E9" classname="com.crm.vtiger.GenericUtils.BaseClass">
    <skipped/>
  </testcase> <!-- @BeforeMethod loginToApp -->
  <testcase name="@AfterMethod logoutFromApp" time="-1.633793419619E9" classname="com.crm.vtiger.GenericUtils.BaseClass">
    <skipped/>
  </testcase> <!-- @AfterMethod logoutFromApp -->
  <testcase name="@AfterClass closeBrowser" time="-1.633793419621E9" classname="com.crm.vtiger.GenericUtils.BaseClass">
    <skipped/>
  </testcase> <!-- @AfterClass closeBrowser -->
  <testcase name="@BeforeClass launchBrowser" time="0.0" classname="com.crm.vtiger.GenericUtils.BaseClass">
    <failure type="java.lang.Error" message="Unresolved compilation problem: 
	The attribute value is undefined for the annotation type Parameterized.Parameters
">
      <![CDATA[java.lang.Error: Unresolved compilation problem: 
The attribute value is undefined for the annotation type Parameterized.Parameters

at com.crm.vtiger.GenericUtils.BaseClass.launchBrowser(BaseClass.java:47)
at java.util.ArrayList.forEach(Unknown Source)
at java.util.concurrent.FutureTask.run(Unknown Source)
at java.util.concurrent.ThreadPoolExecutor.runWorker(Unknown Source)
at java.util.concurrent.ThreadPoolExecutor$Worker.run(Unknown Source)
at java.lang.Thread.run(Unknown Source)
... Removed 16 stack frames]]>
    </failure>
  </testcase> <!-- @BeforeClass launchBrowser -->
  <testcase name="@BeforeMethod loginToApp" time="-1.633793419625E9" classname="com.crm.vtiger.GenericUtils.BaseClass">
    <skipped/>
  </testcase> <!-- @BeforeMethod loginToApp -->
  <testcase name="@AfterMethod logoutFromApp" time="-1.63379341963E9" classname="com.crm.vtiger.GenericUtils.BaseClass">
    <skipped/>
  </testcase> <!-- @AfterMethod logoutFromApp -->
  <testcase name="@AfterClass closeBrowser" time="-1.633793419632E9" classname="com.crm.vtiger.GenericUtils.BaseClass">
    <skipped/>
  </testcase> <!-- @AfterClass closeBrowser -->
  <testcase name="@BeforeClass launchBrowser" time="0.0" classname="com.crm.vtiger.GenericUtils.BaseClass">
    <failure type="java.lang.Error" message="Unresolved compilation problem: 
	The attribute value is undefined for the annotation type Parameterized.Parameters
">
      <![CDATA[java.lang.Error: Unresolved compilation problem: 
The attribute value is undefined for the annotation type Parameterized.Parameters

at com.crm.vtiger.GenericUtils.BaseClass.launchBrowser(BaseClass.java:47)
at java.util.ArrayList.forEach(Unknown Source)
at java.util.concurrent.FutureTask.run(Unknown Source)
at java.util.concurrent.ThreadPoolExecutor.runWorker(Unknown Source)
at java.util.concurrent.ThreadPoolExecutor$Worker.run(Unknown Source)
at java.lang.Thread.run(Unknown Source)
... Removed 16 stack frames]]>
    </failure>
  </testcase> <!-- @BeforeClass launchBrowser -->
  <testcase name="@BeforeMethod loginToApp" time="-1.63379341964E9" classname="com.crm.vtiger.GenericUtils.BaseClass">
    <skipped/>
  </testcase> <!-- @BeforeMethod loginToApp -->
  <testcase name="@AfterMethod logoutFromApp" time="-1.633793419645E9" classname="com.crm.vtiger.GenericUtils.BaseClass">
    <skipped/>
  </testcase> <!-- @AfterMethod logoutFromApp -->
  <testcase name="@AfterClass closeBrowser" time="-1.633793419648E9" classname="com.crm.vtiger.GenericUtils.BaseClass">
    <skipped/>
  </testcase> <!-- @AfterClass closeBrowser -->
  <testcase name="@BeforeClass launchBrowser" time="0.001" classname="com.crm.vtiger.GenericUtils.BaseClass">
    <failure type="java.lang.Error" message="Unresolved compilation problem: 
	The attribute value is undefined for the annotation type Parameterized.Parameters
">
      <![CDATA[java.lang.Error: Unresolved compilation problem: 
The attribute value is undefined for the annotation type Parameterized.Parameters

at com.crm.vtiger.GenericUtils.BaseClass.launchBrowser(BaseClass.java:47)
at java.util.ArrayList.forEach(Unknown Source)
at java.util.concurrent.FutureTask.run(Unknown Source)
at java.util.concurrent.ThreadPoolExecutor.runWorker(Unknown Source)
at java.util.concurrent.ThreadPoolExecutor$Worker.run(Unknown Source)
at java.lang.Thread.run(Unknown Source)
... Removed 16 stack frames]]>
    </failure>
  </testcase> <!-- @BeforeClass launchBrowser -->
  <testcase name="@BeforeMethod loginToApp" time="-1.633793419654E9" classname="com.crm.vtiger.GenericUtils.BaseClass">
    <skipped/>
  </testcase> <!-- @BeforeMethod loginToApp -->
  <testcase name="@AfterMethod logoutFromApp" time="-1.633793419661E9" classname="com.crm.vtiger.GenericUtils.BaseClass">
    <skipped/>
  </testcase> <!-- @AfterMethod logoutFromApp -->
  <testcase name="@AfterClass closeBrowser" time="-1.633793419686E9" classname="com.crm.vtiger.GenericUtils.BaseClass">
    <skipped/>
  </testcase> <!-- @AfterClass closeBrowser -->
  <testcase name="@BeforeClass launchBrowser" time="0.0" classname="com.crm.vtiger.GenericUtils.BaseClass">
    <failure type="java.lang.Error" message="Unresolved compilation problem: 
	The attribute value is undefined for the annotation type Parameterized.Parameters
">
      <![CDATA[java.lang.Error: Unresolved compilation problem: 
The attribute value is undefined for the annotation type Parameterized.Parameters

at com.crm.vtiger.GenericUtils.BaseClass.launchBrowser(BaseClass.java:47)
at java.util.ArrayList.forEach(Unknown Source)
at java.util.concurrent.FutureTask.run(Unknown Source)
at java.util.concurrent.ThreadPoolExecutor.runWorker(Unknown Source)
at java.util.concurrent.ThreadPoolExecutor$Worker.run(Unknown Source)
at java.lang.Thread.run(Unknown Source)
... Removed 16 stack frames]]>
    </failure>
  </testcase> <!-- @BeforeClass launchBrowser -->
  <testcase name="@BeforeMethod loginToApp" time="-1.63379341971E9" classname="com.crm.vtiger.GenericUtils.BaseClass">
    <skipped/>
  </testcase> <!-- @BeforeMethod loginToApp -->
  <testcase name="@AfterMethod logoutFromApp" time="-1.633793419713E9" classname="com.crm.vtiger.GenericUtils.BaseClass">
    <skipped/>
  </testcase> <!-- @AfterMethod logoutFromApp -->
  <testcase name="@AfterClass closeBrowser" time="-1.633793419715E9" classname="com.crm.vtiger.GenericUtils.BaseClass">
    <skipped/>
  </testcase> <!-- @AfterClass closeBrowser -->
  <testcase name="@BeforeClass launchBrowser" time="0.0" classname="com.crm.vtiger.GenericUtils.BaseClass">
    <failure type="java.lang.Error" message="Unresolved compilation problem: 
	The attribute value is undefined for the annotation type Parameterized.Parameters
">
      <![CDATA[java.lang.Error: Unresolved compilation problem: 
The attribute value is undefined for the annotation type Parameterized.Parameters

at com.crm.vtiger.GenericUtils.BaseClass.launchBrowser(BaseClass.java:47)
at java.util.ArrayList.forEach(Unknown Source)
at java.util.concurrent.FutureTask.run(Unknown Source)
at java.util.concurrent.ThreadPoolExecutor.runWorker(Unknown Source)
at java.util.concurrent.ThreadPoolExecutor$Worker.run(Unknown Source)
at java.lang.Thread.run(Unknown Source)
... Removed 16 stack frames]]>
    </failure>
  </testcase> <!-- @BeforeClass launchBrowser -->
  <testcase name="@BeforeMethod loginToApp" time="-1.633793419719E9" classname="com.crm.vtiger.GenericUtils.BaseClass">
    <skipped/>
  </testcase> <!-- @BeforeMethod loginToApp -->
  <testcase name="@AfterMethod logoutFromApp" time="-1.633793419722E9" classname="com.crm.vtiger.GenericUtils.BaseClass">
    <skipped/>
  </testcase> <!-- @AfterMethod logoutFromApp -->
  <testcase name="@AfterClass closeBrowser" time="-1.633793419722E9" classname="com.crm.vtiger.GenericUtils.BaseClass">
    <skipped/>
  </testcase> <!-- @AfterClass closeBrowser -->
  <testcase name="createOpportunityWithSalesStagedClosedLost" time="0.0" classname="com.crm.vtiger.opportunitytest.TC_01CreateOpportunityTest">
    <skipped/>
  </testcase> <!-- createOpportunityWithSalesStagedClosedLost -->
  <testcase name="createFilterWithoutMandatoryFields" time="0.0" classname="com.crm.vtiger.opportunitytest.TC_05CreateFilterTest">
    <skipped/>
  </testcase> <!-- createFilterWithoutMandatoryFields -->
  <testcase name="createOpportunityWithoutFillingMandatoryDetails" time="0.0" classname="com.crm.vtiger.opportunitytest.TC_02CreateOpportunityTest">
    <skipped/>
  </testcase> <!-- createOpportunityWithoutFillingMandatoryDetails -->
  <testcase name="createFilterAndClickOnCancelButton" time="0.0" classname="com.crm.vtiger.opportunitytest.TC_06CreateFilterTest">
    <skipped/>
  </testcase> <!-- createFilterAndClickOnCancelButton -->
  <testcase name="createOpportunityWithSalesStagedClosedLostByClickingOnCancelButton" time="0.0" classname="com.crm.vtiger.opportunitytest.TC_03CreateOpportunityTest">
    <skipped/>
  </testcase> <!-- createOpportunityWithSalesStagedClosedLostByClickingOnCancelButton -->
  <testcase name="createFilter" time="0.0" classname="com.crm.vtiger.opportunitytest.TC_04CreateFilterTest">
    <skipped/>
  </testcase> <!-- createFilter -->
  <testcase name="@AfterSuite closeDB" time="0.0" classname="com.crm.vtiger.GenericUtils.BaseClass">
    <ignored/>
  </testcase> <!-- @AfterSuite closeDB -->
  <testcase name="@AfterSuite closeDB" time="0.0" classname="com.crm.vtiger.GenericUtils.BaseClass">
    <ignored/>
  </testcase> <!-- @AfterSuite closeDB -->
  <testcase name="@AfterSuite closeDB" time="0.0" classname="com.crm.vtiger.GenericUtils.BaseClass">
    <ignored/>
  </testcase> <!-- @AfterSuite closeDB -->
  <testcase name="@AfterSuite closeDB" time="0.0" classname="com.crm.vtiger.GenericUtils.BaseClass">
    <ignored/>
  </testcase> <!-- @AfterSuite closeDB -->
  <testcase name="@AfterSuite closeDB" time="0.0" classname="com.crm.vtiger.GenericUtils.BaseClass">
    <ignored/>
  </testcase> <!-- @AfterSuite closeDB -->
  <testcase name="@BeforeSuite connectionDB" time="0.0" classname="com.crm.vtiger.GenericUtils.BaseClass">
    <ignored/>
  </testcase> <!-- @BeforeSuite connectionDB -->
  <testcase name="@BeforeSuite connectionDB" time="0.0" classname="com.crm.vtiger.GenericUtils.BaseClass">
    <ignored/>
  </testcase> <!-- @BeforeSuite connectionDB -->
  <testcase name="@BeforeSuite connectionDB" time="0.0" classname="com.crm.vtiger.GenericUtils.BaseClass">
    <ignored/>
  </testcase> <!-- @BeforeSuite connectionDB -->
  <testcase name="@BeforeSuite connectionDB" time="0.0" classname="com.crm.vtiger.GenericUtils.BaseClass">
    <ignored/>
  </testcase> <!-- @BeforeSuite connectionDB -->
  <testcase name="@BeforeSuite connectionDB" time="0.0" classname="com.crm.vtiger.GenericUtils.BaseClass">
    <ignored/>
  </testcase> <!-- @BeforeSuite connectionDB -->
</testsuite> <!-- Test1-Firefox -->
