<?xml version="1.0" encoding="UTF-8"?>
<!-- Generated by org.testng.reporters.JUnitXMLReporter -->
<testsuite hostname="aks-lenovo" ignored="10" name="Test" tests="6" failures="0" timestamp="2021-10-09T15:36:25 IST" time="0.062" errors="0">
  <testcase name="@BeforeClass launchBrowser" time="0.0" classname="com.crm.vtiger.GenericUtils.BaseClass">
    <failure type="java.lang.Error" message="Unresolved compilation problem: 
	The attribute value is undefined for the annotation type Parameterized.Parameters
">
      <![CDATA[java.lang.Error: Unresolved compilation problem: 
The attribute value is undefined for the annotation type Parameterized.Parameters

at com.crm.vtiger.GenericUtils.BaseClass.launchBrowser(BaseClass.java:43)
at java.util.ArrayList.forEach(Unknown Source)
... Removed 25 stack frames]]>
    </failure>
  </testcase> <!-- @BeforeClass launchBrowser -->
  <testcase name="@BeforeMethod loginToApp" time="-1.633773985421E9" classname="com.crm.vtiger.GenericUtils.BaseClass">
    <skipped/>
  </testcase> <!-- @BeforeMethod loginToApp -->
  <testcase name="@AfterMethod logoutFromApp" time="-1.633773985421E9" classname="com.crm.vtiger.GenericUtils.BaseClass">
    <skipped/>
  </testcase> <!-- @AfterMethod logoutFromApp -->
  <testcase name="@AfterClass closeBrowser" time="-1.633773985421E9" classname="com.crm.vtiger.GenericUtils.BaseClass">
    <skipped/>
  </testcase> <!-- @AfterClass closeBrowser -->
  <testcase name="@BeforeClass launchBrowser" time="0.0" classname="com.crm.vtiger.GenericUtils.BaseClass">
    <failure type="java.lang.Error" message="Unresolved compilation problem: 
	The attribute value is undefined for the annotation type Parameterized.Parameters
">
      <![CDATA[java.lang.Error: Unresolved compilation problem: 
The attribute value is undefined for the annotation type Parameterized.Parameters

at com.crm.vtiger.GenericUtils.BaseClass.launchBrowser(BaseClass.java:43)
at java.util.ArrayList.forEach(Unknown Source)
... Removed 25 stack frames]]>
    </failure>
  </testcase> <!-- @BeforeClass launchBrowser -->
  <testcase name="@BeforeMethod loginToApp" time="-1.633773985421E9" classname="com.crm.vtiger.GenericUtils.BaseClass">
    <skipped/>
  </testcase> <!-- @BeforeMethod loginToApp -->
  <testcase name="@AfterMethod logoutFromApp" time="-1.633773985437E9" classname="com.crm.vtiger.GenericUtils.BaseClass">
    <skipped/>
  </testcase> <!-- @AfterMethod logoutFromApp -->
  <testcase name="@AfterClass closeBrowser" time="-1.633773985437E9" classname="com.crm.vtiger.GenericUtils.BaseClass">
    <skipped/>
  </testcase> <!-- @AfterClass closeBrowser -->
  <testcase name="@BeforeClass launchBrowser" time="0.0" classname="com.crm.vtiger.GenericUtils.BaseClass">
    <failure type="java.lang.Error" message="Unresolved compilation problem: 
	The attribute value is undefined for the annotation type Parameterized.Parameters
">
      <![CDATA[java.lang.Error: Unresolved compilation problem: 
The attribute value is undefined for the annotation type Parameterized.Parameters

at com.crm.vtiger.GenericUtils.BaseClass.launchBrowser(BaseClass.java:43)
at java.util.ArrayList.forEach(Unknown Source)
... Removed 25 stack frames]]>
    </failure>
  </testcase> <!-- @BeforeClass launchBrowser -->
  <testcase name="@BeforeMethod loginToApp" time="-1.633773985437E9" classname="com.crm.vtiger.GenericUtils.BaseClass">
    <skipped/>
  </testcase> <!-- @BeforeMethod loginToApp -->
  <testcase name="@AfterMethod logoutFromApp" time="-1.633773985437E9" classname="com.crm.vtiger.GenericUtils.BaseClass">
    <skipped/>
  </testcase> <!-- @AfterMethod logoutFromApp -->
  <testcase name="@AfterClass closeBrowser" time="-1.633773985437E9" classname="com.crm.vtiger.GenericUtils.BaseClass">
    <skipped/>
  </testcase> <!-- @AfterClass closeBrowser -->
  <testcase name="@BeforeClass launchBrowser" time="0.0" classname="com.crm.vtiger.GenericUtils.BaseClass">
    <failure type="java.lang.Error" message="Unresolved compilation problem: 
	The attribute value is undefined for the annotation type Parameterized.Parameters
">
      <![CDATA[java.lang.Error: Unresolved compilation problem: 
The attribute value is undefined for the annotation type Parameterized.Parameters

at com.crm.vtiger.GenericUtils.BaseClass.launchBrowser(BaseClass.java:43)
at java.util.ArrayList.forEach(Unknown Source)
... Removed 25 stack frames]]>
    </failure>
  </testcase> <!-- @BeforeClass launchBrowser -->
  <testcase name="@BeforeMethod loginToApp" time="-1.633773985437E9" classname="com.crm.vtiger.GenericUtils.BaseClass">
    <skipped/>
  </testcase> <!-- @BeforeMethod loginToApp -->
  <testcase name="@AfterMethod logoutFromApp" time="-1.633773985437E9" classname="com.crm.vtiger.GenericUtils.BaseClass">
    <skipped/>
  </testcase> <!-- @AfterMethod logoutFromApp -->
  <testcase name="@AfterClass closeBrowser" time="-1.633773985437E9" classname="com.crm.vtiger.GenericUtils.BaseClass">
    <skipped/>
  </testcase> <!-- @AfterClass closeBrowser -->
  <testcase name="@BeforeClass launchBrowser" time="0.0" classname="com.crm.vtiger.GenericUtils.BaseClass">
    <failure type="java.lang.Error" message="Unresolved compilation problem: 
	The attribute value is undefined for the annotation type Parameterized.Parameters
">
      <![CDATA[java.lang.Error: Unresolved compilation problem: 
The attribute value is undefined for the annotation type Parameterized.Parameters

at com.crm.vtiger.GenericUtils.BaseClass.launchBrowser(BaseClass.java:43)
at java.util.ArrayList.forEach(Unknown Source)
... Removed 25 stack frames]]>
    </failure>
  </testcase> <!-- @BeforeClass launchBrowser -->
  <testcase name="@BeforeMethod loginToApp" time="-1.633773985437E9" classname="com.crm.vtiger.GenericUtils.BaseClass">
    <skipped/>
  </testcase> <!-- @BeforeMethod loginToApp -->
  <testcase name="@AfterMethod logoutFromApp" time="-1.633773985437E9" classname="com.crm.vtiger.GenericUtils.BaseClass">
    <skipped/>
  </testcase> <!-- @AfterMethod logoutFromApp -->
  <testcase name="@AfterClass closeBrowser" time="-1.633773985452E9" classname="com.crm.vtiger.GenericUtils.BaseClass">
    <skipped/>
  </testcase> <!-- @AfterClass closeBrowser -->
  <testcase name="@BeforeClass launchBrowser" time="0.0" classname="com.crm.vtiger.GenericUtils.BaseClass">
    <failure type="java.lang.Error" message="Unresolved compilation problem: 
	The attribute value is undefined for the annotation type Parameterized.Parameters
">
      <![CDATA[java.lang.Error: Unresolved compilation problem: 
The attribute value is undefined for the annotation type Parameterized.Parameters

at com.crm.vtiger.GenericUtils.BaseClass.launchBrowser(BaseClass.java:43)
at java.util.ArrayList.forEach(Unknown Source)
... Removed 25 stack frames]]>
    </failure>
  </testcase> <!-- @BeforeClass launchBrowser -->
  <testcase name="@BeforeMethod loginToApp" time="-1.633773985452E9" classname="com.crm.vtiger.GenericUtils.BaseClass">
    <skipped/>
  </testcase> <!-- @BeforeMethod loginToApp -->
  <testcase name="@AfterMethod logoutFromApp" time="-1.633773985452E9" classname="com.crm.vtiger.GenericUtils.BaseClass">
    <skipped/>
  </testcase> <!-- @AfterMethod logoutFromApp -->
  <testcase name="@AfterClass closeBrowser" time="-1.633773985452E9" classname="com.crm.vtiger.GenericUtils.BaseClass">
    <skipped/>
  </testcase> <!-- @AfterClass closeBrowser -->
  <testcase name="createOpportunityWithSalesStagedClosedLost" time="0.0" classname="com.crm.vtiger.opportunitytest.TC_01CreateOpportunityTest">
    <skipped/>
  </testcase> <!-- createOpportunityWithSalesStagedClosedLost -->
  <testcase name="createFilterWithoutMandatoryFields" time="0.0" classname="com.crm.vtiger.opportunitytest.TC_05CreateFilterTest">
    <skipped/>
  </testcase> <!-- createFilterWithoutMandatoryFields -->
  <testcase name="createOpportunityWithoutFillingMandatoryDetails" time="0.0" classname="com.crm.vtiger.opportunitytest.TC_02CreateOpportunityTest">
    <skipped/>
  </testcase> <!-- createOpportunityWithoutFillingMandatoryDetails -->
  <testcase name="createFilterAndClickOnCancelButton" time="0.0" classname="com.crm.vtiger.opportunitytest.TC_06CreateFilterTest">
    <skipped/>
  </testcase> <!-- createFilterAndClickOnCancelButton -->
  <testcase name="createOpportunityWithSalesStagedClosedLostByClickingOnCancelButton" time="0.0" classname="com.crm.vtiger.opportunitytest.TC_03CreateOpportunityTest">
    <skipped/>
  </testcase> <!-- createOpportunityWithSalesStagedClosedLostByClickingOnCancelButton -->
  <testcase name="createFilter" time="0.0" classname="com.crm.vtiger.opportunitytest.TC_04CreateFilterTest">
    <skipped/>
  </testcase> <!-- createFilter -->
  <testcase name="@AfterSuite closeDB" time="0.0" classname="com.crm.vtiger.GenericUtils.BaseClass">
    <ignored/>
  </testcase> <!-- @AfterSuite closeDB -->
  <testcase name="@AfterSuite closeDB" time="0.0" classname="com.crm.vtiger.GenericUtils.BaseClass">
    <ignored/>
  </testcase> <!-- @AfterSuite closeDB -->
  <testcase name="@AfterSuite closeDB" time="0.0" classname="com.crm.vtiger.GenericUtils.BaseClass">
    <ignored/>
  </testcase> <!-- @AfterSuite closeDB -->
  <testcase name="@AfterSuite closeDB" time="0.0" classname="com.crm.vtiger.GenericUtils.BaseClass">
    <ignored/>
  </testcase> <!-- @AfterSuite closeDB -->
  <testcase name="@AfterSuite closeDB" time="0.0" classname="com.crm.vtiger.GenericUtils.BaseClass">
    <ignored/>
  </testcase> <!-- @AfterSuite closeDB -->
  <testcase name="@BeforeSuite connectionDB" time="0.0" classname="com.crm.vtiger.GenericUtils.BaseClass">
    <ignored/>
  </testcase> <!-- @BeforeSuite connectionDB -->
  <testcase name="@BeforeSuite connectionDB" time="0.0" classname="com.crm.vtiger.GenericUtils.BaseClass">
    <ignored/>
  </testcase> <!-- @BeforeSuite connectionDB -->
  <testcase name="@BeforeSuite connectionDB" time="0.0" classname="com.crm.vtiger.GenericUtils.BaseClass">
    <ignored/>
  </testcase> <!-- @BeforeSuite connectionDB -->
  <testcase name="@BeforeSuite connectionDB" time="0.0" classname="com.crm.vtiger.GenericUtils.BaseClass">
    <ignored/>
  </testcase> <!-- @BeforeSuite connectionDB -->
  <testcase name="@BeforeSuite connectionDB" time="0.0" classname="com.crm.vtiger.GenericUtils.BaseClass">
    <ignored/>
  </testcase> <!-- @BeforeSuite connectionDB -->
</testsuite> <!-- Test -->
