<?xml version="1.0" encoding="UTF-8"?>
<!-- Generated by org.testng.reporters.JUnitReportReporter -->
<testsuite skipped="2" hostname="aks-lenovo" name="com.crm.vtiger.opportunitytest.TC_05CreateFilterTest" tests="4" failures="0" timestamp="2021-10-09T21:00:19 IST" time="0.000" errors="2">
  <testcase name="createFilterWithoutMandatoryFields" time="0.000" classname="com.crm.vtiger.opportunitytest.TC_05CreateFilterTest">
    <skipped/>
  </testcase> <!-- createFilterWithoutMandatoryFields -->
  <system-out/>
  <testcase name="launchBrowser" time="0.000" classname="com.crm.vtiger.opportunitytest.TC_05CreateFilterTest">
    <error type="java.lang.Error" message="Unresolved compilation problem: 
	The attribute value is undefined for the annotation type Parameterized.Parameters
">
      <![CDATA[java.lang.Error: Unresolved compilation problem: 
The attribute value is undefined for the annotation type Parameterized.Parameters

at com.crm.vtiger.GenericUtils.BaseClass.launchBrowser(BaseClass.java:47)
at sun.reflect.NativeMethodAccessorImpl.invoke0(Native Method)
at sun.reflect.NativeMethodAccessorImpl.invoke(Unknown Source)
at sun.reflect.DelegatingMethodAccessorImpl.invoke(Unknown Source)
at java.lang.reflect.Method.invoke(Unknown Source)
at org.testng.internal.MethodInvocationHelper.invokeMethod(MethodInvocationHelper.java:132)
at org.testng.internal.MethodInvocationHelper.invokeMethodConsideringTimeout(MethodInvocationHelper.java:61)
at org.testng.internal.ConfigInvoker.invokeConfigurationMethod(ConfigInvoker.java:366)
at org.testng.internal.ConfigInvoker.invokeConfigurations(ConfigInvoker.java:320)
at org.testng.internal.TestMethodWorker.invokeBeforeClassMethods(TestMethodWorker.java:176)
at org.testng.internal.TestMethodWorker.run(TestMethodWorker.java:122)
at java.util.ArrayList.forEach(Unknown Source)
at org.testng.TestRunner.privateRun(TestRunner.java:764)
at org.testng.TestRunner.run(TestRunner.java:585)
at org.testng.SuiteRunner.runTest(SuiteRunner.java:384)
at org.testng.SuiteRunner.access$000(SuiteRunner.java:28)
at org.testng.SuiteRunner$SuiteWorker.run(SuiteRunner.java:425)
at org.testng.internal.thread.ThreadUtil.lambda$execute$0(ThreadUtil.java:66)
at java.util.concurrent.FutureTask.run(Unknown Source)
at java.util.concurrent.ThreadPoolExecutor.runWorker(Unknown Source)
at java.util.concurrent.ThreadPoolExecutor$Worker.run(Unknown Source)
at java.lang.Thread.run(Unknown Source)
]]>
    </error>
  </testcase> <!-- launchBrowser -->
  <system-out/>
  <testcase name="createFilterWithoutMandatoryFields" time="0.000" classname="com.crm.vtiger.opportunitytest.TC_05CreateFilterTest">
    <skipped/>
  </testcase> <!-- createFilterWithoutMandatoryFields -->
  <system-out/>
  <testcase name="launchBrowser" time="0.000" classname="com.crm.vtiger.opportunitytest.TC_05CreateFilterTest">
    <error type="java.lang.Error" message="Unresolved compilation problem: 
	The attribute value is undefined for the annotation type Parameterized.Parameters
">
      <![CDATA[java.lang.Error: Unresolved compilation problem: 
The attribute value is undefined for the annotation type Parameterized.Parameters

at com.crm.vtiger.GenericUtils.BaseClass.launchBrowser(BaseClass.java:47)
at sun.reflect.NativeMethodAccessorImpl.invoke0(Native Method)
at sun.reflect.NativeMethodAccessorImpl.invoke(Unknown Source)
at sun.reflect.DelegatingMethodAccessorImpl.invoke(Unknown Source)
at java.lang.reflect.Method.invoke(Unknown Source)
at org.testng.internal.MethodInvocationHelper.invokeMethod(MethodInvocationHelper.java:132)
at org.testng.internal.MethodInvocationHelper.invokeMethodConsideringTimeout(MethodInvocationHelper.java:61)
at org.testng.internal.ConfigInvoker.invokeConfigurationMethod(ConfigInvoker.java:366)
at org.testng.internal.ConfigInvoker.invokeConfigurations(ConfigInvoker.java:320)
at org.testng.internal.TestMethodWorker.invokeBeforeClassMethods(TestMethodWorker.java:176)
at org.testng.internal.TestMethodWorker.run(TestMethodWorker.java:122)
at java.util.ArrayList.forEach(Unknown Source)
at org.testng.TestRunner.privateRun(TestRunner.java:764)
at org.testng.TestRunner.run(TestRunner.java:585)
at org.testng.SuiteRunner.runTest(SuiteRunner.java:384)
at org.testng.SuiteRunner.access$000(SuiteRunner.java:28)
at org.testng.SuiteRunner$SuiteWorker.run(SuiteRunner.java:425)
at org.testng.internal.thread.ThreadUtil.lambda$execute$0(ThreadUtil.java:66)
at java.util.concurrent.FutureTask.run(Unknown Source)
at java.util.concurrent.ThreadPoolExecutor.runWorker(Unknown Source)
at java.util.concurrent.ThreadPoolExecutor$Worker.run(Unknown Source)
at java.lang.Thread.run(Unknown Source)
]]>
    </error>
  </testcase> <!-- launchBrowser -->
  <system-out/>
</testsuite> <!-- com.crm.vtiger.opportunitytest.TC_05CreateFilterTest -->
